0 info it worked if it ends with ok
1 verbose cli [ 'C:\\Program Files\\nodejs\\node.exe',
1 verbose cli   'C:\\Program Files\\nodejs\\node_modules\\npm\\bin\\npm-cli.js',
1 verbose cli   'start' ]
2 info using npm@3.3.6
3 info using node@v5.0.0
4 verbose run-script [ 'prestart', 'start', 'poststart' ]
5 info lifecycle dronar-herokuapp@1.0.0~prestart: dronar-herokuapp@1.0.0
6 silly lifecycle dronar-herokuapp@1.0.0~prestart: no script for prestart, continuing
7 info lifecycle dronar-herokuapp@1.0.0~start: dronar-herokuapp@1.0.0
8 verbose lifecycle dronar-herokuapp@1.0.0~start: unsafe-perm in lifecycle true
9 verbose lifecycle dronar-herokuapp@1.0.0~start: PATH: C:\Program Files\nodejs\node_modules\npm\bin\node-gyp-bin;C:\Users\Sebastian\DronAR-herokuapp\node_modules\.bin;C:\Users\Sebastian\bin;C:\Program Files (x86)\Git\mingw64\bin;C:\Program Files (x86)\Git\usr\local\bin;C:\Program Files (x86)\Git\usr\bin;C:\Program Files (x86)\Git\usr\bin;C:\Program Files (x86)\Git\mingw64\bin;C:\Program Files (x86)\Git\usr\bin;C:\Users\Sebastian\bin;C:\ProgramData\Oracle\Java\javapath;C:\Program Files\Broadcom\Broadcom 802.11 Network Adapter;C:\Program Files (x86)\Intel\iCLS Client;C:\Program Files\Intel\iCLS Client;C:\Program Files (x86)\NVIDIA Corporation\PhysX\Common;C:\WINDOWS\system32;C:\WINDOWS;C:\WINDOWS\System32\Wbem;C:\WINDOWS\System32\WindowsPowerShell\v1.0;C:\Program Files (x86)\Windows Live\Shared;C:\Program Files\Intel\Intel(R) Management Engine Components\DAL;C:\Program Files\Intel\Intel(R) Management Engine Components\IPT;C:\Program Files (x86)\Intel\Intel(R) Management Engine Components\DAL;C:\Program Files (x86)\Intel\Intel(R) Management Engine Components\IPT;C:\Program Files\Hewlett-Packard\SimplePass;C:\Program Files (x86)\CMake 2.8\bin;C:\Program Files\Microsoft SQL Server\110\Tools\Binn;C:\Program Files\WPIJavaCV\OpenCV_2.2.0\bin;C:\opencv\build\x86\vc12\bin;C:\Python27;C:\Python27\Scripts;C:\Program Files\Java\jdk1.7.0_45\bin;C:\Program Files\OpenVPN\bin;C:\Program Files (x86)\PharosSystems\Core;C:\Program Files\nodejs;C:\Program Files (x86)\Heroku\bin;C:\Program Files (x86)\git\cmd;C:\Program Files (x86)\Skype\Phone;C:\Program Files\MATLAB\R2016a\runtime\win64;C:\Program Files\MATLAB\R2016a\bin;C:\Program Files\MATLAB\R2016a\polyspace\bin;C:\Program Files (x86)\Windows Kits\8.1\Windows Performance Toolkit;C:\Program Files (x86)\GtkSharp\2.12\bin;C:\Program Files\Boot2Docker for Windows;C:\Users\Sebastian\AppData\Roaming\npm;C:\Program Files\Sublime Text 2;C:\Users\Sebastian\AppData\Local\Microsoft\WindowsApps;C:\Program Files (x86)\Git\usr\bin\vendor_perl;C:\Program Files (x86)\Git\usr\bin\core_perl
10 verbose lifecycle dronar-herokuapp@1.0.0~start: CWD: C:\Users\Sebastian\DronAR-herokuapp
11 silly lifecycle dronar-herokuapp@1.0.0~start: Args: [ '/d /s /c', 'node server.js' ]
12 silly lifecycle dronar-herokuapp@1.0.0~start: Returned: code: 1  signal: null
13 info lifecycle dronar-herokuapp@1.0.0~start: Failed to exec start script
14 verbose stack Error: dronar-herokuapp@1.0.0 start: `node server.js`
14 verbose stack Exit status 1
14 verbose stack     at EventEmitter.<anonymous> (C:\Program Files\nodejs\node_modules\npm\lib\utils\lifecycle.js:233:16)
14 verbose stack     at emitTwo (events.js:87:13)
14 verbose stack     at EventEmitter.emit (events.js:172:7)
14 verbose stack     at ChildProcess.<anonymous> (C:\Program Files\nodejs\node_modules\npm\lib\utils\spawn.js:24:14)
14 verbose stack     at emitTwo (events.js:87:13)
14 verbose stack     at ChildProcess.emit (events.js:172:7)
14 verbose stack     at maybeClose (internal/child_process.js:818:16)
14 verbose stack     at Process.ChildProcess._handle.onexit (internal/child_process.js:211:5)
15 verbose pkgid dronar-herokuapp@1.0.0
16 verbose cwd C:\Users\Sebastian\DronAR-herokuapp
17 error Windows_NT 10.0.14393
18 error argv "C:\\Program Files\\nodejs\\node.exe" "C:\\Program Files\\nodejs\\node_modules\\npm\\bin\\npm-cli.js" "start"
19 error node v5.0.0
20 error npm  v3.3.6
21 error code ELIFECYCLE
22 error dronar-herokuapp@1.0.0 start: `node server.js`
22 error Exit status 1
23 error Failed at the dronar-herokuapp@1.0.0 start script 'node server.js'.
23 error This is most likely a problem with the dronar-herokuapp package,
23 error not with npm itself.
23 error Tell the author that this fails on your system:
23 error     node server.js
23 error You can get their info via:
23 error     npm owner ls dronar-herokuapp
23 error There is likely additional logging output above.
24 verbose exit [ 1, true ]
